TN:
SF:app/layout.tsx
FN:8,RootLayout
FNF:1
FNH:0
FNDA:0,RootLayout
DA:1,0
DA:2,0
DA:4,0
DA:8,0
LF:4
LH:0
BRF:0
BRH:0
end_of_record
TN:
SF:app/page.tsx
FN:6,Page
FN:8,(anonymous_2)
FNF:2
FNH:0
FNDA:0,Page
FNDA:0,(anonymous_2)
DA:3,0
DA:4,0
DA:6,0
DA:7,0
DA:8,0
DA:9,0
DA:11,0
LF:7
LH:0
BRF:0
BRH:0
end_of_record
TN:
SF:app/api/login/route.ts
FN:9,POST
FNF:1
FNH:0
FNDA:0,POST
DA:1,0
DA:3,0
DA:9,0
DA:11,0
DA:12,0
DA:14,0
DA:17,0
DA:18,0
DA:20,0
DA:21,0
DA:24,0
DA:25,0
DA:26,0
DA:29,0
DA:30,0
DA:37,0
LF:16
LH:0
BRDA:17,0,0,0
BRDA:17,0,1,0
BRDA:18,1,0,0
BRDA:18,1,1,0
BRDA:20,2,0,0
BRDA:20,3,0,0
BRDA:20,3,1,0
BRDA:25,4,0,0
BRF:8
BRH:0
end_of_record
TN:
SF:app/api/logout/route.ts
FN:6,POST
FNF:1
FNH:0
FNDA:0,POST
DA:1,0
DA:3,0
DA:6,0
DA:7,0
DA:8,0
DA:15,0
LF:6
LH:0
BRF:0
BRH:0
end_of_record
TN:
SF:app/api/v1/[...path]/route.ts
FN:5,getBackendURL
FN:9,buildTargetURL
FN:17,forwardHeaders
FN:30,proxy
FN:92,GET
FN:96,HEAD
FN:100,PUT
FN:104,POST
FN:108,DELETE
FN:112,OPTIONS
FNF:10
FNH:0
FNDA:0,getBackendURL
FNDA:0,buildTargetURL
FNDA:0,forwardHeaders
FNDA:0,proxy
FNDA:0,GET
FNDA:0,HEAD
FNDA:0,PUT
FNDA:0,POST
FNDA:0,DELETE
FNDA:0,OPTIONS
DA:3,0
DA:6,0
DA:10,0
DA:11,0
DA:12,0
DA:13,0
DA:14,0
DA:18,0
DA:19,0
DA:20,0
DA:21,0
DA:24,0
DA:25,0
DA:26,0
DA:27,0
DA:33,0
DA:34,0
DA:35,0
DA:41,0
DA:42,0
DA:43,0
DA:44,0
DA:48,0
DA:49,0
DA:53,0
DA:54,0
DA:55,0
DA:57,0
DA:66,0
DA:67,0
DA:79,0
DA:80,0
DA:83,0
DA:84,0
DA:86,0
DA:92,0
DA:93,0
DA:96,0
DA:97,0
DA:100,0
DA:101,0
DA:104,0
DA:105,0
DA:108,0
DA:109,0
DA:112,0
DA:113,0
LF:47
LH:0
BRDA:6,0,0,0
BRDA:6,0,1,0
BRDA:33,1,0,0
BRDA:33,1,1,0
BRDA:34,2,0,0
BRDA:48,3,0,0
BRDA:48,4,0,0
BRDA:48,4,1,0
BRDA:54,5,0,0
BRDA:66,6,0,0
BRDA:66,6,1,0
BRDA:79,7,0,0
BRDA:79,8,0,0
BRDA:79,8,1,0
BRF:14
BRH:0
end_of_record
TN:
SF:app/artworks/page.tsx
FN:9,ArtworksPage
FN:23,(anonymous_3)
FN:36,(anonymous_4)
FN:44,checkTitleAvailability
FN:62,handleCreate
FN:88,handleDelete
FN:118,getImageUrl
FN:129,(anonymous_9)
FN:134,(anonymous_10)
FN:160,(anonymous_11)
FN:216,(anonymous_12)
FN:241,(anonymous_13)
FN:242,(anonymous_14)
FN:249,(anonymous_15)
FN:253,(anonymous_16)
FN:262,(anonymous_17)
FN:278,(anonymous_18)
FN:279,(anonymous_19)
FN:290,(anonymous_20)
FNF:19
FNH:0
FNDA:0,ArtworksPage
FNDA:0,(anonymous_3)
FNDA:0,(anonymous_4)
FNDA:0,checkTitleAvailability
FNDA:0,handleCreate
FNDA:0,handleDelete
FNDA:0,getImageUrl
FNDA:0,(anonymous_9)
FNDA:0,(anonymous_10)
FNDA:0,(anonymous_11)
FNDA:0,(anonymous_12)
FNDA:0,(anonymous_13)
FNDA:0,(anonymous_14)
FNDA:0,(anonymous_15)
FNDA:0,(anonymous_16)
FNDA:0,(anonymous_17)
FNDA:0,(anonymous_18)
FNDA:0,(anonymous_19)
FNDA:0,(anonymous_20)
DA:3,0
DA:4,0
DA:5,0
DA:6,0
DA:9,0
DA:10,0
DA:11,0
DA:12,0
DA:13,0
DA:14,0
DA:15,0
DA:16,0
DA:17,0
DA:18,0
DA:19,0
DA:21,0
DA:23,0
DA:24,0
DA:25,0
DA:28,0
DA:29,0
DA:30,0
DA:32,0
DA:36,0
DA:37,0
DA:38,0
DA:39,0
DA:41,0
DA:45,0
DA:46,0
DA:47,0
DA:51,0
DA:52,0
DA:53,0
DA:54,0
DA:56,0
DA:63,0
DA:64,0
DA:65,0
DA:66,0
DA:74,0
DA:75,0
DA:76,0
DA:77,0
DA:79,0
DA:80,0
DA:81,0
DA:83,0
DA:84,0
DA:89,0
DA:90,0
DA:91,0
DA:92,0
DA:93,0
DA:94,0
DA:100,0
DA:101,0
DA:102,0
DA:103,0
DA:104,0
DA:106,0
DA:108,0
DA:109,0
DA:110,0
DA:112,0
DA:114,0
DA:119,0
DA:120,0
DA:121,0
DA:129,0
DA:135,0
DA:136,0
DA:140,0
DA:141,0
DA:161,0
DA:162,0
DA:217,0
DA:218,0
DA:219,0
DA:220,0
DA:241,0
DA:242,0
DA:250,0
DA:251,0
DA:253,0
DA:262,0
DA:278,0
DA:279,0
DA:291,0
DA:292,0
LF:90
LH:0
BRDA:28,0,0,0
BRDA:32,1,0,0
BRDA:32,1,1,0
BRDA:37,2,0,0
BRDA:45,3,0,0
BRDA:51,4,0,0
BRDA:53,5,0,0
BRDA:53,5,1,0
BRDA:63,6,0,0
BRDA:63,7,0,0
BRDA:63,7,1,0
BRDA:74,8,0,0
BRDA:79,9,0,0
BRDA:83,10,0,0
BRDA:83,10,1,0
BRDA:89,11,0,0
BRDA:100,12,0,0
BRDA:103,13,0,0
BRDA:103,13,1,0
BRDA:104,14,0,0
BRDA:104,14,1,0
BRDA:106,15,0,0
BRDA:106,15,1,0
BRDA:112,16,0,0
BRDA:112,16,1,0
BRDA:119,17,0,0
BRDA:119,17,1,0
BRDA:120,18,0,0
BRDA:151,19,0,0
BRDA:153,20,0,0
BRDA:183,21,0,0
BRDA:207,22,0,0
BRDA:207,22,1,0
BRDA:211,23,0,0
BRDA:211,23,1,0
BRDA:211,24,0,0
BRDA:211,24,1,0
BRDA:240,25,0,0
BRDA:258,26,0,0
BRDA:268,27,0,0
BRDA:268,27,1,0
BRDA:268,27,2,0
BRDA:270,28,0,0
BRDA:270,28,1,0
BRDA:277,29,0,0
BRDA:277,29,1,0
BRDA:307,30,0,0
BRDA:307,30,1,0
BRF:48
BRH:0
end_of_record
TN:
SF:app/artworks/[id]/page.tsx
FN:9,ArtworkEditPage
FN:12,(anonymous_3)
FN:36,(anonymous_4)
FN:58,(anonymous_5)
FN:66,(anonymous_6)
FN:87,(anonymous_7)
FN:115,(anonymous_8)
FN:118,(anonymous_9)
FN:145,(anonymous_10)
FN:156,(anonymous_11)
FN:160,(anonymous_12)
FN:182,(anonymous_13)
FN:186,(anonymous_14)
FN:189,(anonymous_15)
FN:190,(anonymous_16)
FN:214,(anonymous_17)
FN:218,(anonymous_18)
FN:257,(anonymous_19)
FN:263,(anonymous_20)
FN:293,(anonymous_21)
FN:315,(anonymous_22)
FN:316,(anonymous_23)
FN:324,(anonymous_24)
FN:331,(anonymous_25)
FN:339,(anonymous_26)
FN:356,(anonymous_27)
FN:365,(anonymous_28)
FN:374,(anonymous_29)
FN:387,(anonymous_30)
FN:404,(anonymous_31)
FN:414,(anonymous_32)
FNF:31
FNH:0
FNDA:0,ArtworkEditPage
FNDA:0,(anonymous_3)
FNDA:0,(anonymous_4)
FNDA:0,(anonymous_5)
FNDA:0,(anonymous_6)
FNDA:0,(anonymous_7)
FNDA:0,(anonymous_8)
FNDA:0,(anonymous_9)
FNDA:0,(anonymous_10)
FNDA:0,(anonymous_11)
FNDA:0,(anonymous_12)
FNDA:0,(anonymous_13)
FNDA:0,(anonymous_14)
FNDA:0,(anonymous_15)
FNDA:0,(anonymous_16)
FNDA:0,(anonymous_17)
FNDA:0,(anonymous_18)
FNDA:0,(anonymous_19)
FNDA:0,(anonymous_20)
FNDA:0,(anonymous_21)
FNDA:0,(anonymous_22)
FNDA:0,(anonymous_23)
FNDA:0,(anonymous_24)
FNDA:0,(anonymous_25)
FNDA:0,(anonymous_26)
FNDA:0,(anonymous_27)
FNDA:0,(anonymous_28)
FNDA:0,(anonymous_29)
FNDA:0,(anonymous_30)
FNDA:0,(anonymous_31)
FNDA:0,(anonymous_32)
DA:3,0
DA:4,0
DA:5,0
DA:6,0
DA:9,0
DA:10,0
DA:11,0
DA:12,0
DA:13,0
DA:15,0
DA:16,0
DA:26,0
DA:27,0
DA:28,0
DA:29,0
DA:34,0
DA:36,0
DA:37,0
DA:40,0
DA:41,0
DA:42,0
DA:44,0
DA:45,0
DA:46,0
DA:58,0
DA:59,0
DA:60,0
DA:61,0
DA:63,0
DA:66,0
DA:67,0
DA:68,0
DA:69,0
DA:71,0
DA:72,0
DA:76,0
DA:77,0
DA:78,0
DA:79,0
DA:81,0
DA:87,0
DA:88,0
DA:89,0
DA:90,0
DA:92,0
DA:94,0
DA:95,0
DA:103,0
DA:104,0
DA:105,0
DA:106,0
DA:108,0
DA:109,0
DA:110,0
DA:112,0
DA:113,0
DA:114,0
DA:115,0
DA:118,0
DA:119,0
DA:120,0
DA:122,0
DA:123,0
DA:125,0
DA:126,0
DA:127,0
DA:129,0
DA:130,0
DA:135,0
DA:136,0
DA:137,0
DA:138,0
DA:139,0
DA:141,0
DA:142,0
DA:144,0
DA:145,0
DA:148,0
DA:149,0
DA:150,0
DA:154,0
DA:155,0
DA:156,0
DA:157,0
DA:160,0
DA:161,0
DA:162,0
DA:164,0
DA:165,0
DA:170,0
DA:171,0
DA:172,0
DA:173,0
DA:176,0
DA:177,0
DA:180,0
DA:181,0
DA:182,0
DA:185,0
DA:186,0
DA:189,0
DA:190,0
DA:215,0
DA:216,0
DA:218,0
DA:258,0
DA:259,0
DA:263,0
DA:294,0
DA:295,0
DA:315,0
DA:316,0
DA:324,0
DA:331,0
DA:339,0
DA:356,0
DA:365,0
DA:374,0
DA:388,0
DA:404,0
DA:414,0
LF:121
LH:0
BRDA:40,0,0,0
BRDA:47,1,0,0
BRDA:47,1,1,0
BRDA:48,2,0,0
BRDA:48,2,1,0
BRDA:49,3,0,0
BRDA:49,3,1,0
BRDA:50,4,0,0
BRDA:50,4,1,0
BRDA:52,5,0,0
BRDA:52,5,1,0
BRDA:53,6,0,0
BRDA:53,6,1,0
BRDA:54,7,0,0
BRDA:54,7,1,0
BRDA:59,8,0,0
BRDA:67,9,0,0
BRDA:76,10,0,0
BRDA:78,11,0,0
BRDA:78,11,1,0
BRDA:88,12,0,0
BRDA:92,13,0,0
BRDA:103,14,0,0
BRDA:108,15,0,0
BRDA:120,16,0,0
BRDA:120,17,0,0
BRDA:120,17,1,0
BRDA:135,18,0,0
BRDA:137,19,0,0
BRDA:137,19,1,0
BRDA:144,20,0,0
BRDA:144,21,0,0
BRDA:144,21,1,0
BRDA:145,22,0,0
BRDA:145,22,1,0
BRDA:157,23,0,0
BRDA:164,24,0,0
BRDA:164,24,1,0
BRDA:170,25,0,0
BRDA:172,26,0,0
BRDA:172,26,1,0
BRDA:180,27,0,0
BRDA:181,28,0,0
BRDA:181,28,1,0
BRDA:222,29,0,0
BRDA:230,30,0,0
BRDA:230,30,1,0
BRDA:244,31,0,0
BRDA:244,31,1,0
BRDA:244,32,0,0
BRDA:244,32,1,0
BRDA:246,33,0,0
BRDA:246,33,1,0
BRDA:256,34,0,0
BRDA:255,35,0,0
BRDA:255,35,1,0
BRDA:266,36,0,0
BRDA:266,36,1,0
BRDA:274,37,0,0
BRDA:314,38,0,0
BRDA:349,39,0,0
BRDA:349,39,1,0
BRDA:391,40,0,0
BRDA:391,40,1,0
BRF:64
BRH:0
end_of_record
TN:
SF:app/login/page.tsx
FN:7,LoginPage
FN:17,(anonymous_2)
FN:39,(anonymous_3)
FN:55,(anonymous_4)
FN:63,(anonymous_5)
FNF:5
FNH:0
FNDA:0,LoginPage
FNDA:0,(anonymous_2)
FNDA:0,(anonymous_3)
FNDA:0,(anonymous_4)
FNDA:0,(anonymous_5)
DA:3,0
DA:4,0
DA:5,0
DA:7,0
DA:8,0
DA:9,0
DA:10,0
DA:11,0
DA:12,0
DA:17,0
DA:18,0
DA:19,0
DA:20,0
DA:21,0
DA:26,0
DA:27,0
DA:28,0
DA:30,0
DA:33,0
DA:35,0
DA:39,0
DA:40,0
DA:41,0
DA:55,0
DA:63,0
LF:25
LH:0
BRDA:26,0,0,0
BRDA:26,0,1,0
BRDA:67,1,0,0
BRDA:71,2,0,0
BRDA:71,2,1,0
BRF:5
BRH:0
end_of_record
TN:
SF:components/Footer.tsx
FN:1,Footer
FNF:1
FNH:0
FNDA:0,Footer
DA:1,0
LF:1
LH:0
BRF:0
BRH:0
end_of_record
TN:
SF:lib/auth.ts
FN:3,getToken
FN:8,setToken
FN:12,clearToken
FNF:3
FNH:3
FNDA:3,getToken
FNDA:2,setToken
FNDA:1,clearToken
DA:1,1
DA:3,3
DA:4,3
DA:5,3
DA:8,2
DA:9,2
DA:12,1
DA:13,1
LF:8
LH:8
BRDA:4,0,0,0
BRDA:5,1,0,3
BRDA:5,1,1,2
BRF:3
BRH:2
end_of_record
